<?xml version="1.0" encoding="UTF-8"?>
<!-- Generated by org.testng.reporters.JUnitReportReporter -->
<testsuite hostname="LAPTOP-D0S4EKSF" failures="0" tests="1" name="commons.LoginUserAccount" time="66.527" errors="0" timestamp="2023-06-03T18:58:07 IST" skipped="0">
  <testcase classname="commons.LoginUserAccount" name="loginAccount" time="66.527"/>
  <system-out/>
</testsuite> <!-- commons.LoginUserAccount -->
