<?xml version="1.0" encoding="UTF-8"?>
<!-- Generated by org.testng.reporters.JUnitReportReporter -->
<testsuite hostname="LAPTOP-D0S4EKSF" failures="0" tests="1" name="commons.ClickReports" time="14.934" errors="0" timestamp="2023-05-23T15:46:43 IST" skipped="0">
  <testcase classname="commons.ClickReports" name="click_report" time="14.934"/>
  <system-out/>
</testsuite> <!-- commons.ClickReports -->
