<?xml version="1.0" encoding="UTF-8"?>
<!-- Generated by org.testng.reporters.JUnitReportReporter -->
<testsuite hostname="LAPTOP-D0S4EKSF" failures="0" tests="1" name="methods.LeadBulkUpload" time="12.438" errors="0" timestamp="2023-06-06T17:07:27 IST" skipped="0">
  <testcase classname="methods.LeadBulkUpload" name="bulkUploadLead" time="12.438"/>
  <system-out/>
</testsuite> <!-- methods.LeadBulkUpload -->
